[debug] [2026-01-03T10:19:28.237Z] : 
[debug] [2026-01-03T10:19:28.239Z] : ----------------------------------------------------------------------
[debug] [2026-01-03T10:19:28.239Z] : Command:      C:\Program Files\nodejs\node.exe C:\Users\Mokesh\AppData\Roaming\npm\node_modules\zcatalyst-cli\lib\bin\catalyst.js serve
[debug] [2026-01-03T10:19:28.239Z] : CLI Version:  1.23.0
[debug] [2026-01-03T10:19:28.239Z] : Platform:     win32
[debug] [2026-01-03T10:19:28.240Z] : Node Version: v22.11.0
[debug] [2026-01-03T10:19:28.240Z] : Time:         Sat Jan 03 2026 15:49:28 GMT+0530 (India Standard Time)
[debug] [2026-01-03T10:19:28.240Z] : ----------------------------------------------------------------------
[debug] [2026-01-03T10:19:28.240Z] : 
[debug] [2026-01-03T10:19:29.440Z] : > authorizing via signed-in user option
[debug] [2026-01-03T10:19:29.441Z] : > command requires scopes: ["ZohoCatalyst.projects.ALL","ZohoCatalyst.apigateway.apis.READ","ZohoCatalyst.apigateway.READ","ZohoCatalyst.segments.ALL","ZohoCatalyst.cache.READ","ZohoCatalyst.cache.CREATE","ZohoCatalyst.cache.DELETE","ZohoCatalyst.projects.ALL","ZohoCatalyst.cron.ALL","ZohoCatalyst.zcql.CREATE","ZohoCatalyst.projects.users.READ","ZohoCatalyst.projects.users.CREATE","ZohoCatalyst.projects.users.DELETE","ZohoCatalyst.projects.users.UPDATE","ZohoCatalyst.authentication.CREATE","ZohoCatalyst.email.CREATE","ZohoCatalyst.tables.ALL","ZohoCatalyst.tables.rows.ALL","ZohoCatalyst.tables.columns.ALL","ZohoCatalyst.tables.bulk.CREATE","ZohoCatalyst.tables.bulk.READ","ZohoCatalyst.folders.ALL","ZohoCatalyst.files.CREATE","ZohoCatalyst.files.READ","ZohoCatalyst.files.DELETE","ZohoCatalyst.functions.ALL","ZohoCatalyst.functions.EXECUTE","ZohoCatalyst.eventlistners.ALL","ZohoCatalyst.eventlisteners.produce","ZohoCatalyst.security.rules.Read","ZohoCatalyst.security.rules.Update","ZohoCatalyst.notifications.mobile","ZohoCatalyst.notifications.web","ZohoCatalyst.search.READ","ZohoCatalyst.mlkit.READ","QuickML.deployment.READ","ZohoCatalyst.pdfshot.execute","ZohoCatalyst.circuits.execution.DELETE","ZohoCatalyst.circuits.execution.READ","ZohoCatalyst.circuits.execute","ZohoCatalyst.appsail.Read","ZohoCatalyst.jobpool.READ","ZohoCatalyst.job.ALL","ZohoCatalyst.nosql.READ","ZohoCatalyst.nosql.rows.ALL"]
[debug] [2026-01-03T10:19:29.458Z] : >>>> HTTP REQUEST : GET https://api.catalyst.zoho.in/baas/v1/project/26834000000012001 

[debug] [2026-01-03T10:19:29.842Z] : <<<< HTTP RESPONSE : 200
Response Headers: {"server":"ZGS","date":"Sat, 03 Jan 2026 10:19:30 GMT","content-type":"application/vnd.catalyst.v2+json","transfer-encoding":"chunked","connection":"keep-alive","x-content-type-options":"nosniff","cache-control":"private,no-cache,no-store,max-age=0,must-revalidate","pragma":"no-cache","expires":"Thu, 01 Jan 1970 00:00:00 GMT","x-frame-options":"DENY","strict-transport-security":"max-age=64072000; includeSubDomains; preload"}

[debug] [2026-01-03T10:19:29.847Z] : >>>> HTTP REQUEST : GET https://api.catalyst.zoho.in/baas/v1/project/26834000000012001/environment 

[debug] [2026-01-03T10:19:29.928Z] : <<<< HTTP RESPONSE : 200
Response Headers: {"server":"ZGS","date":"Sat, 03 Jan 2026 10:19:30 GMT","content-type":"application/vnd.catalyst.v2+json","transfer-encoding":"chunked","connection":"keep-alive","x-content-type-options":"nosniff","cache-control":"private,no-cache,no-store,max-age=0,must-revalidate","pragma":"no-cache","expires":"Thu, 01 Jan 1970 00:00:00 GMT","x-frame-options":"DENY","strict-transport-security":"max-age=64072000; includeSubDomains; preload"}

[debug] [2026-01-03T10:19:30.100Z] : >>>> HTTP REQUEST : GET https://api.catalyst.zoho.in/baas/get-details 
Query params: {"feature_name":"runtime"}

[debug] [2026-01-03T10:19:30.150Z] : <<<< HTTP RESPONSE : 200
Response Headers: {"server":"ZGS","date":"Sat, 03 Jan 2026 10:19:30 GMT","content-type":"application/vnd.catalyst.v2+json","transfer-encoding":"chunked","connection":"keep-alive","x-content-type-options":"nosniff","cache-control":"private,no-cache,no-store,max-age=0,must-revalidate","pragma":"no-cache","expires":"Thu, 01 Jan 1970 00:00:00 GMT","x-frame-options":"DENY","strict-transport-security":"max-age=64072000; includeSubDomains; preload"}

[debug] [2026-01-03T10:19:30.155Z] : >>>> HTTP REQUEST : GET https://api.catalyst.zoho.in/baas/v1/project/26834000000012001/function 
Query params: {"type":"basicio,event,cron,applogic,integration,browser_logic,job"}

[debug] [2026-01-03T10:19:30.226Z] : <<<< HTTP RESPONSE : 200
Response Headers: {"server":"ZGS","date":"Sat, 03 Jan 2026 10:19:30 GMT","content-type":"application/vnd.catalyst.v2+json","transfer-encoding":"chunked","connection":"keep-alive","x-content-type-options":"nosniff","cache-control":"private,no-cache,no-store,max-age=0,must-revalidate","pragma":"no-cache","expires":"Thu, 01 Jan 1970 00:00:00 GMT","x-frame-options":"DENY","strict-transport-security":"max-age=64072000; includeSubDomains; preload"}

[debug] [2026-01-03T10:19:30.230Z] : unknown eol undefined hence skipping check
[info] [2026-01-03T10:19:30.977Z] : Skipping API Gateway rules
[info] [2026-01-03T10:19:30.980Z] : 
[info] [2026-01-03T10:19:30.981Z] :  >>>>>>>>>>>>> Advanced I/O <<<<<<<<<<< 
[info] [2026-01-03T10:19:30.981Z] : i tempest_email_backend_function: http://localhost:3000/server/tempest_email_backend_function/
[info] [2026-01-03T10:19:30.982Z] : 
[info] [2026-01-03T10:19:38.238Z] : [1767435578238]  "GET"  "/server/tempest_email_backend_function/"
[info] [2026-01-03T10:20:18.864Z] : [1767435618864]  "GET"  "/server/tempest_email_backend_function/api/send-email"
[info] [2026-01-03T10:21:35.995Z] : 
change of index.js in tempest_email_backend_function detected. Preparing your function, please wait...
[info] [2026-01-03T10:21:36.876Z] : i AdvancedIO[tempest_email_backend_function]: ready!
[info] [2026-01-03T10:21:36.876Z] : i AdvancedIO[tempest_email_backend_function]: http://localhost:3000/server/tempest_email_backend_function/
[info] [2026-01-03T10:21:39.877Z] : Shutting down server
[debug] [2026-01-03T10:21:39.881Z] : Error: kill EPERM
    at ChildProcess.kill (node:internal/child_process:511:26)
    at C:\Users\Mokesh\AppData\Roaming\npm\node_modules\zcatalyst-cli\lib\serve\server\index.js:631:39
    at new Promise (<anonymous>)
    at Server.<anonymous> (C:\Users\Mokesh\AppData\Roaming\npm\node_modules\zcatalyst-cli\lib\serve\server\index.js:614:19)
    at Generator.next (<anonymous>)
    at C:\Users\Mokesh\AppData\Roaming\npm\node_modules\zcatalyst-cli\lib\serve\server\index.js:8:71
    at new Promise (<anonymous>)
    at __awaiter (C:\Users\Mokesh\AppData\Roaming\npm\node_modules\zcatalyst-cli\lib\serve\server\index.js:4:12)
    at Server.kill (C:\Users\Mokesh\AppData\Roaming\npm\node_modules\zcatalyst-cli\lib\serve\server\index.js:607:16)
    at Server.<anonymous> (C:\Users\Mokesh\AppData\Roaming\npm\node_modules\zcatalyst-cli\lib\serve\server\index.js:665:33) {
  errno: -4048,
  code: 'EPERM',
  syscall: 'kill'
}
[debug] [2026-01-03T10:21:39.883Z] : Function serve error:  CatalystError: kill EPERM
    at CatalystError.getErrorInstance (C:\Users\Mokesh\AppData\Roaming\npm\node_modules\zcatalyst-cli\lib\error\index.js:47:20)
    at ChildProcess.<anonymous> (C:\Users\Mokesh\AppData\Roaming\npm\node_modules\zcatalyst-cli\lib\serve\server\index.js:197:51)
    at ChildProcess.emit (node:events:530:35)
    at cp.emit (C:\Users\Mokesh\AppData\Roaming\npm\node_modules\zcatalyst-cli\node_modules\cross-spawn\lib\enoent.js:34:29)
    at ChildProcess.kill (node:internal/child_process:511:12)
    at C:\Users\Mokesh\AppData\Roaming\npm\node_modules\zcatalyst-cli\lib\serve\server\index.js:631:39
    at new Promise (<anonymous>)
    at Server.<anonymous> (C:\Users\Mokesh\AppData\Roaming\npm\node_modules\zcatalyst-cli\lib\serve\server\index.js:614:19)
    at Generator.next (<anonymous>)
    at C:\Users\Mokesh\AppData\Roaming\npm\node_modules\zcatalyst-cli\lib\serve\server\index.js:8:71 {
  status: 500,
  exit: 1,
  original: Error: kill EPERM
      at ChildProcess.kill (node:internal/child_process:511:26)
      at C:\Users\Mokesh\AppData\Roaming\npm\node_modules\zcatalyst-cli\lib\serve\server\index.js:631:39
      at new Promise (<anonymous>)
      at Server.<anonymous> (C:\Users\Mokesh\AppData\Roaming\npm\node_modules\zcatalyst-cli\lib\serve\server\index.js:614:19)
      at Generator.next (<anonymous>)
      at C:\Users\Mokesh\AppData\Roaming\npm\node_modules\zcatalyst-cli\lib\serve\server\index.js:8:71
      at new Promise (<anonymous>)
      at __awaiter (C:\Users\Mokesh\AppData\Roaming\npm\node_modules\zcatalyst-cli\lib\serve\server\index.js:4:12)
      at Server.kill (C:\Users\Mokesh\AppData\Roaming\npm\node_modules\zcatalyst-cli\lib\serve\server\index.js:607:16)
      at Server.<anonymous> (C:\Users\Mokesh\AppData\Roaming\npm\node_modules\zcatalyst-cli\lib\serve\server\index.js:665:33) {
    errno: -4048,
    code: 'EPERM',
    syscall: 'kill'
  },
  context: undefined,
  errorId: undefined,
  arg: undefined,
  skipHelp: true
}
[debug] [2026-01-03T10:21:39.883Z] : Error: kill EPERM
    at ChildProcess.kill (node:internal/child_process:511:26)
    at C:\Users\Mokesh\AppData\Roaming\npm\node_modules\zcatalyst-cli\lib\serve\server\index.js:631:39
    at new Promise (<anonymous>)
    at Server.<anonymous> (C:\Users\Mokesh\AppData\Roaming\npm\node_modules\zcatalyst-cli\lib\serve\server\index.js:614:19)
    at Generator.next (<anonymous>)
    at C:\Users\Mokesh\AppData\Roaming\npm\node_modules\zcatalyst-cli\lib\serve\server\index.js:8:71
    at new Promise (<anonymous>)
    at __awaiter (C:\Users\Mokesh\AppData\Roaming\npm\node_modules\zcatalyst-cli\lib\serve\server\index.js:4:12)
    at Server.kill (C:\Users\Mokesh\AppData\Roaming\npm\node_modules\zcatalyst-cli\lib\serve\server\index.js:607:16)
    at ChildProcess.<anonymous> (C:\Users\Mokesh\AppData\Roaming\npm\node_modules\zcatalyst-cli\lib\serve\server\index.js:204:26) {
  errno: -4048,
  code: 'EPERM',
  syscall: 'kill'
}
[debug] [2026-01-03T10:21:39.884Z] : Function serve error:  CatalystError: kill EPERM
    at CatalystError.getErrorInstance (C:\Users\Mokesh\AppData\Roaming\npm\node_modules\zcatalyst-cli\lib\error\index.js:47:20)
    at ChildProcess.<anonymous> (C:\Users\Mokesh\AppData\Roaming\npm\node_modules\zcatalyst-cli\lib\serve\server\index.js:197:51)
    at ChildProcess.emit (node:events:530:35)
    at cp.emit (C:\Users\Mokesh\AppData\Roaming\npm\node_modules\zcatalyst-cli\node_modules\cross-spawn\lib\enoent.js:34:29)
    at ChildProcess.kill (node:internal/child_process:511:12)
    at C:\Users\Mokesh\AppData\Roaming\npm\node_modules\zcatalyst-cli\lib\serve\server\index.js:631:39
    at new Promise (<anonymous>)
    at Server.<anonymous> (C:\Users\Mokesh\AppData\Roaming\npm\node_modules\zcatalyst-cli\lib\serve\server\index.js:614:19)
    at Generator.next (<anonymous>)
    at C:\Users\Mokesh\AppData\Roaming\npm\node_modules\zcatalyst-cli\lib\serve\server\index.js:8:71 {
  status: 500,
  exit: 1,
  original: Error: kill EPERM
      at ChildProcess.kill (node:internal/child_process:511:26)
      at C:\Users\Mokesh\AppData\Roaming\npm\node_modules\zcatalyst-cli\lib\serve\server\index.js:631:39
      at new Promise (<anonymous>)
      at Server.<anonymous> (C:\Users\Mokesh\AppData\Roaming\npm\node_modules\zcatalyst-cli\lib\serve\server\index.js:614:19)
      at Generator.next (<anonymous>)
      at C:\Users\Mokesh\AppData\Roaming\npm\node_modules\zcatalyst-cli\lib\serve\server\index.js:8:71
      at new Promise (<anonymous>)
      at __awaiter (C:\Users\Mokesh\AppData\Roaming\npm\node_modules\zcatalyst-cli\lib\serve\server\index.js:4:12)
      at Server.kill (C:\Users\Mokesh\AppData\Roaming\npm\node_modules\zcatalyst-cli\lib\serve\server\index.js:607:16)
      at ChildProcess.<anonymous> (C:\Users\Mokesh\AppData\Roaming\npm\node_modules\zcatalyst-cli\lib\serve\server\index.js:204:26) {
    errno: -4048,
    code: 'EPERM',
    syscall: 'kill'
  },
  context: undefined,
  errorId: undefined,
  arg: undefined,
  skipHelp: true
}
[info] [2026-01-03T10:21:39.917Z] : 
[info] [2026-01-03T10:21:39.917Z] : √ Shutdown complete
[info] [2026-01-03T10:21:39.918Z] : 
[debug] [2026-01-03T10:21:39.918Z] : NO ERRORS REGISTERED
[debug] [2026-01-03T10:21:39.919Z] : EXEC ENDED with event: serve, message: success
[debug] [2026-01-03T10:21:39.919Z] : TOTAL DURATION OF COMMAND EXEC : 130496
[debug] [2026-01-03T10:21:39.925Z] : >>>> HTTP REQUEST : POST https://api.catalyst.zoho.in/baas/v1/cli/logs 
<request body omitted>

